


ARM Macro Assembler    Page 1 


    1 00000000         ;******************** (C) Laurent BOURDEL **************
                       *****************************
    2 00000000         ; @file    startup_stm32f446xx.s
    3 00000000         ; @author  Bourdel Laurent
    4 00000000         ; @version V2.6.1
    5 00000000         ; @date    Nov-2017
    6 00000000         ; @note    
    7 00000000         ; @brief   This is a modified startup code to support As
                       sembly Programs without
    8 00000000         ;          using libraries. Key changes include:
    9 00000000         ;     (1) Remove the call of SystemInit()
   10 00000000         ;     (2) Add codes to initialize memory. 
   11 00000000         ;      Copy the Read/Write data section (RW) and the Zer
                       o Initialized 
   12 00000000         ;      section (ZI) from the flash to RAM
   13 00000000         ;          (3) Enable FPU
   14 00000000         ; @note
   15 00000000         ;           This code is for the module "Systeme a Micro
                       processeur"
   16 00000000         ; @attension
   17 00000000         ;           This code is provided for education purpose.
                        The author shall not be 
   18 00000000         ;           held liable for any direct, indirect or cons
                       equential damages, for any 
   19 00000000         ;           reason whatever.
   20 00000000         ;*******************************************************
                       ************************
   21 00000000         
   22 00000000         
   23 00000000         ;******************** (C) COPYRIGHT 2017 STMicroelectron
                       ics ********************
   24 00000000         ;* File Name          : startup_stm32f446xx.s
   25 00000000         ;* Author             : MCD Application Team
   26 00000000         ;* Version            : V2.6.1
   27 00000000         ;* Date               : 14-February-2017
   28 00000000         ;* Description        : STM32F446x devices vector table 
                       for MDK-ARM toolchain. 
   29 00000000         ;*                      This module performs:
   30 00000000         ;*                      - Set the initial SP
   31 00000000         ;*                      - Set the initial PC == Reset_Ha
                       ndler
   32 00000000         ;*                      - Set the vector table entries w
                       ith the exceptions ISR address
   33 00000000         ;*                      - Branches to __main in the C li
                       brary (which eventually
   34 00000000         ;*                        calls main()).
   35 00000000         ;*                      After Reset the CortexM4 process
                       or is in Thread mode,
   36 00000000         ;*                      priority is Privileged, and the 
                       Stack is set to Main.
   37 00000000         ;* <<< Use Configuration Wizard in Context Menu >>>   
   38 00000000         ;*******************************************************
                       ************************
   39 00000000         ; 
   40 00000000         ;* Redistribution and use in source and binary forms, wi
                       th or without modification,
   41 00000000         ;* are permitted provided that the following conditions 
                       are met:
   42 00000000         ;*   1. Redistributions of source code must retain the a



ARM Macro Assembler    Page 2 


                       bove copyright notice,
   43 00000000         ;*      this list of conditions and the following discla
                       imer.
   44 00000000         ;*   2. Redistributions in binary form must reproduce th
                       e above copyright notice,
   45 00000000         ;*      this list of conditions and the following discla
                       imer in the documentation
   46 00000000         ;*      and/or other materials provided with the distrib
                       ution.
   47 00000000         ;*   3. Neither the name of STMicroelectronics nor the n
                       ames of its contributors
   48 00000000         ;*      may be used to endorse or promote products deriv
                       ed from this software
   49 00000000         ;*      without specific prior written permission.
   50 00000000         ;*
   51 00000000         ;* THIS SOFTWARE IS PROVIDED BY THE COPYRIGHT HOLDERS AN
                       D CONTRIBUTORS "AS IS"
   52 00000000         ;* AND ANY EXPRESS OR IMPLIED WARRANTIES, INCLUDING, BUT
                        NOT LIMITED TO, THE
   53 00000000         ;* IMPLIED WARRANTIES OF MERCHANTABILITY AND FITNESS FOR
                        A PARTICULAR PURPOSE ARE
   54 00000000         ;* DISCLAIMED. IN NO EVENT SHALL THE COPYRIGHT HOLDER OR
                        CONTRIBUTORS BE LIABLE
   55 00000000         ;* FOR ANY DIRECT, INDIRECT, INCIDENTAL, SPECIAL, EXEMPL
                       ARY, OR CONSEQUENTIAL
   56 00000000         ;* DAMAGES (INCLUDING, BUT NOT LIMITED TO, PROCUREMENT O
                       F SUBSTITUTE GOODS OR
   57 00000000         ;* SERVICES; LOSS OF USE, DATA, OR PROFITS; OR BUSINESS 
                       INTERRUPTION) HOWEVER
   58 00000000         ;* CAUSED AND ON ANY THEORY OF LIABILITY, WHETHER IN CON
                       TRACT, STRICT LIABILITY,
   59 00000000         ;* OR TORT (INCLUDING NEGLIGENCE OR OTHERWISE) ARISING I
                       N ANY WAY OUT OF THE USE
   60 00000000         ;* OF THIS SOFTWARE, EVEN IF ADVISED OF THE POSSIBILITY 
                       OF SUCH DAMAGE.
   61 00000000         ; 
   62 00000000         ;*******************************************************
                       ************************
   63 00000000         
   64 00000000         ; Amount of memory (in bytes) allocated for Stack
   65 00000000         ; Tailor this value to your application needs
   66 00000000         ; <h> Stack Configuration
   67 00000000         ;   <o> Stack Size (in Bytes) <0x0-0xFFFFFFFF:8>
   68 00000000         ; </h>
   69 00000000         
   70 00000000         ;******************** Added by Laurent BOURDEL *********
                       ********************************************
   71 00000000         ; ROM:  Symbols defined by the linker
   72 00000000                 IMPORT           |Load$$ER_IROM1$$Base| ; Entry 
                                                            of Bootloader
   73 00000000         
   74 00000000                 IMPORT           |Image$$ER_IROM1$$RO$$Base| ; S
                                                            tart of RO output s
                                                            ection
   75 00000000                 IMPORT           |Image$$ER_IROM1$$RO$$Limit| ; 
                                                            First byte beyond t
                                                            he end of RO output
                                                             section
   76 00000000                 IMPORT           |Image$$ER_IROM1$$RO$$Length| ;



ARM Macro Assembler    Page 3 


                                                             Size of RO output 
                                                            section
   77 00000000         
   78 00000000                 IMPORT           |Image$$ER_IROM1$$RW$$Base|
   79 00000000                 IMPORT           |Image$$ER_IROM1$$RW$$Length|
   80 00000000                 IMPORT           |Image$$ER_IROM1$$RW$$Limit|
   81 00000000         
   82 00000000                 IMPORT           |Image$$ER_IROM1$$ZI$$Base|
   83 00000000                 IMPORT           |Image$$ER_IROM1$$ZI$$Length|
   84 00000000                 IMPORT           |Image$$ER_IROM1$$ZI$$Limit|
   85 00000000         
   86 00000000         ; RAM: Symbols defined by the linker
   87 00000000                 IMPORT           |Load$$RW_IRAM1$$Base| 
                                                            ; Load Address 
   88 00000000                 IMPORT           |Image$$RW_IRAM1$$Base| ; Start
                                                             of RW output secti
                                                            on
   89 00000000                 IMPORT           |Image$$RW_IRAM1$$Length|
   90 00000000                 IMPORT           |Image$$RW_IRAM1$$Limit|
   91 00000000         
   92 00000000                 IMPORT           |Image$$RW_IRAM1$$RO$$Base|
   93 00000000                 IMPORT           |Image$$RW_IRAM1$$RO$$Base|
   94 00000000                 IMPORT           |Image$$RW_IRAM1$$RO$$Length|
   95 00000000         
   96 00000000                 IMPORT           |Image$$RW_IRAM1$$RW$$Base| ; S
                                                            tart of RW output s
                                                            ection
   97 00000000                 IMPORT           |Image$$RW_IRAM1$$RW$$Limit| ; 
                                                            End of RW output se
                                                            ction
   98 00000000                 IMPORT           |Image$$RW_IRAM1$$RW$$Length| ;
                                                             Size of RW output 
                                                            section
   99 00000000         
  100 00000000                 IMPORT           |Image$$RW_IRAM1$$ZI$$Base| ; S
                                                            tart of ZI output s
                                                            ection
  101 00000000                 IMPORT           |Image$$RW_IRAM1$$ZI$$Limit| ; 
                                                            End of ZI output se
                                                            ction
  102 00000000                 IMPORT           |Image$$RW_IRAM1$$ZI$$Length| ;
                                                             Size of ZI output 
                                                            section
  103 00000000         ;******************** END ******************************
                       ******************************************
  104 00000000         
  105 00000000 00000400 
                       Stack_Size
                               EQU              0x00000400
  106 00000000         
  107 00000000                 AREA             STACK, NOINIT, READWRITE, ALIGN
=3
  108 00000000         Stack_Mem
                               SPACE            Stack_Size
  109 00000400         __initial_sp
  110 00000400         
  111 00000400         
  112 00000400         ; <h> Heap Configuration
  113 00000400         ;   <o>  Heap Size (in Bytes) <0x0-0xFFFFFFFF:8>



ARM Macro Assembler    Page 4 


  114 00000400         ; </h>
  115 00000400         
  116 00000400 00000200 
                       Heap_Size
                               EQU              0x00000200
  117 00000400         
  118 00000400                 AREA             HEAP, NOINIT, READWRITE, ALIGN=
3
  119 00000000         __heap_base
  120 00000000         Heap_Mem
                               SPACE            Heap_Size
  121 00000200         __heap_limit
  122 00000200         
  123 00000200                 PRESERVE8
  124 00000200                 THUMB
  125 00000200         
  126 00000200         
  127 00000200         ; Vector Table Mapped to Address 0 at Reset
  128 00000200                 AREA             RESET, DATA, READONLY
  129 00000000                 EXPORT           __Vectors
  130 00000000                 EXPORT           __Vectors_End
  131 00000000                 EXPORT           __Vectors_Size
  132 00000000         
  133 00000000 00000000 
                       __Vectors
                               DCD              __initial_sp ; Top of Stack
  134 00000004 00000000        DCD              Reset_Handler ; Reset Handler
  135 00000008 00000000        DCD              NMI_Handler ; NMI Handler
  136 0000000C 00000000        DCD              HardFault_Handler ; Hard Fault 
                                                            Handler
  137 00000010 00000000        DCD              MemManage_Handler 
                                                            ; MPU Fault Handler
                                                            
  138 00000014 00000000        DCD              BusFault_Handler 
                                                            ; Bus Fault Handler
                                                            
  139 00000018 00000000        DCD              UsageFault_Handler ; Usage Faul
                                                            t Handler
  140 0000001C 00000000        DCD              0           ; Reserved
  141 00000020 00000000        DCD              0           ; Reserved
  142 00000024 00000000        DCD              0           ; Reserved
  143 00000028 00000000        DCD              0           ; Reserved
  144 0000002C 00000000        DCD              SVC_Handler ; SVCall Handler
  145 00000030 00000000        DCD              DebugMon_Handler ; Debug Monito
                                                            r Handler
  146 00000034 00000000        DCD              0           ; Reserved
  147 00000038 00000000        DCD              PendSV_Handler ; PendSV Handler
                                                            
  148 0000003C 00000000        DCD              SysTick_Handler 
                                                            ; SysTick Handler
  149 00000040         
  150 00000040         ; External Interrupts
  151 00000040 00000000        DCD              WWDG_IRQHandler ; Window WatchD
                                                            og                 
                                                                               
                                                                
  152 00000044 00000000        DCD              PVD_IRQHandler ; PVD through EX
                                                            TI Line detection  
                                                                               



ARM Macro Assembler    Page 5 


                                                               
  153 00000048 00000000        DCD              TAMP_STAMP_IRQHandler ; Tamper 
                                                            and TimeStamps thro
                                                            ugh the EXTI line  
                                                                      
  154 0000004C 00000000        DCD              RTC_WKUP_IRQHandler ; RTC Wakeu
                                                            p through the EXTI 
                                                            line               
                                                                    
  155 00000050 00000000        DCD              FLASH_IRQHandler ; FLASH       
                                                                               
                                                                             
  156 00000054 00000000        DCD              RCC_IRQHandler ; RCC           
                                                                               
                                                                           
  157 00000058 00000000        DCD              EXTI0_IRQHandler ; EXTI Line0  
                                                                               
                                                                               
                                                                 
  158 0000005C 00000000        DCD              EXTI1_IRQHandler ; EXTI Line1  
                                                                               
                                                                               
                                                                 
  159 00000060 00000000        DCD              EXTI2_IRQHandler ; EXTI Line2  
                                                                               
                                                                               
                                                                 
  160 00000064 00000000        DCD              EXTI3_IRQHandler ; EXTI Line3  
                                                                               
                                                                               
                                                                 
  161 00000068 00000000        DCD              EXTI4_IRQHandler ; EXTI Line4  
                                                                               
                                                                               
                                                                 
  162 0000006C 00000000        DCD              DMA1_Stream0_IRQHandler ; DMA1 
                                                            Stream 0           
                                                                               
                                                                 
  163 00000070 00000000        DCD              DMA1_Stream1_IRQHandler ; DMA1 
                                                            Stream 1           
                                                                               
                                                                 
  164 00000074 00000000        DCD              DMA1_Stream2_IRQHandler ; DMA1 
                                                            Stream 2           
                                                                               
                                                                 
  165 00000078 00000000        DCD              DMA1_Stream3_IRQHandler ; DMA1 
                                                            Stream 3           
                                                                               
                                                                 
  166 0000007C 00000000        DCD              DMA1_Stream4_IRQHandler ; DMA1 
                                                            Stream 4           
                                                                               
                                                                 
  167 00000080 00000000        DCD              DMA1_Stream5_IRQHandler ; DMA1 
                                                            Stream 5           
                                                                               
                                                                 



ARM Macro Assembler    Page 6 


  168 00000084 00000000        DCD              DMA1_Stream6_IRQHandler ; DMA1 
                                                            Stream 6           
                                                                               
                                                                 
  169 00000088 00000000        DCD              ADC_IRQHandler ; ADC1, ADC2 and
                                                             ADC3s             
                                                                           
  170 0000008C 00000000        DCD              CAN1_TX_IRQHandler ; CAN1 TX   
                                                                               
                                                                               
                                                                   
  171 00000090 00000000        DCD              CAN1_RX0_IRQHandler ; CAN1 RX0 
                                                                               
                                                                               
                                                                    
  172 00000094 00000000        DCD              CAN1_RX1_IRQHandler ; CAN1 RX1 
                                                                               
                                                                               
                                                                    
  173 00000098 00000000        DCD              CAN1_SCE_IRQHandler ; CAN1 SCE 
                                                                               
                                                                               
                                                                    
  174 0000009C 00000000        DCD              EXTI9_5_IRQHandler ; External L
                                                            ine[9:5]s          
                                                                               
                                                                   
  175 000000A0 00000000        DCD              TIM1_BRK_TIM9_IRQHandler ; TIM1
                                                             Break and TIM9    
                                                                           
  176 000000A4 00000000        DCD              TIM1_UP_TIM10_IRQHandler ; TIM1
                                                             Update and TIM10  
                                                                           
  177 000000A8 00000000        DCD              TIM1_TRG_COM_TIM11_IRQHandler ;
                                                             TIM1 Trigger and C
                                                            ommutation and TIM1
                                                            1
  178 000000AC 00000000        DCD              TIM1_CC_IRQHandler ; TIM1 Captu
                                                            re Compare         
                                                                               
                                                                   
  179 000000B0 00000000        DCD              TIM2_IRQHandler ; TIM2         
                                                                               
                                                                            
  180 000000B4 00000000        DCD              TIM3_IRQHandler ; TIM3         
                                                                               
                                                                            
  181 000000B8 00000000        DCD              TIM4_IRQHandler ; TIM4         
                                                                               
                                                                            
  182 000000BC 00000000        DCD              I2C1_EV_IRQHandler ; I2C1 Event
                                                                               
                                                                               
                                                                   
  183 000000C0 00000000        DCD              I2C1_ER_IRQHandler ; I2C1 Error
                                                                               
                                                                               
                                                                   
  184 000000C4 00000000        DCD              I2C2_EV_IRQHandler ; I2C2 Event



ARM Macro Assembler    Page 7 


                                                                               
                                                                               
                                                                   
  185 000000C8 00000000        DCD              I2C2_ER_IRQHandler ; I2C2 Error
                                                                               
                                                                               
                                                                     
  186 000000CC 00000000        DCD              SPI1_IRQHandler ; SPI1         
                                                                               
                                                                            
  187 000000D0 00000000        DCD              SPI2_IRQHandler ; SPI2         
                                                                               
                                                                            
  188 000000D4 00000000        DCD              USART1_IRQHandler ; USART1     
                                                                               
                                                                              
  189 000000D8 00000000        DCD              USART2_IRQHandler ; USART2     
                                                                               
                                                                              
  190 000000DC 00000000        DCD              USART3_IRQHandler ; USART3     
                                                                               
                                                                              
  191 000000E0 00000000        DCD              EXTI15_10_IRQHandler ; External
                                                             Line[15:10]s      
                                                                               
                                                                     
  192 000000E4 00000000        DCD              RTC_Alarm_IRQHandler ; RTC Alar
                                                            m (A and B) through
                                                             EXTI Line         
                                                                     
  193 000000E8 00000000        DCD              OTG_FS_WKUP_IRQHandler ; USB OT
                                                            G FS Wakeup through
                                                             EXTI line         
                                                                           
  194 000000EC 00000000        DCD              TIM8_BRK_TIM12_IRQHandler ; TIM
                                                            8 Break and TIM12  
                                                                            
  195 000000F0 00000000        DCD              TIM8_UP_TIM13_IRQHandler ; TIM8
                                                             Update and TIM13  
                                                                           
  196 000000F4 00000000        DCD              TIM8_TRG_COM_TIM14_IRQHandler ;
                                                             TIM8 Trigger and C
                                                            ommutation and TIM1
                                                            4
  197 000000F8 00000000        DCD              TIM8_CC_IRQHandler ; TIM8 Captu
                                                            re Compare         
                                                                               
                                                                   
  198 000000FC 00000000        DCD              DMA1_Stream7_IRQHandler ; DMA1 
                                                            Stream7            
                                                                               
                                                                        
  199 00000100 00000000        DCD              FMC_IRQHandler ; FMC           
                                                                               
                                                                           
  200 00000104 00000000        DCD              SDIO_IRQHandler ; SDIO         
                                                                               
                                                                            
  201 00000108 00000000        DCD              TIM5_IRQHandler ; TIM5         



ARM Macro Assembler    Page 8 


                                                                               
                                                                            
  202 0000010C 00000000        DCD              SPI3_IRQHandler ; SPI3         
                                                                               
                                                                            
  203 00000110 00000000        DCD              UART4_IRQHandler ; UART4       
                                                                               
                                                                             
  204 00000114 00000000        DCD              UART5_IRQHandler ; UART5       
                                                                               
                                                                             
  205 00000118 00000000        DCD              TIM6_DAC_IRQHandler ; TIM6 and 
                                                            DAC1&2 underrun err
                                                            ors                
                                                               
  206 0000011C 00000000        DCD              TIM7_IRQHandler ; TIM7         
                                                                      
  207 00000120 00000000        DCD              DMA2_Stream0_IRQHandler ; DMA2 
                                                            Stream 0           
                                                                               
                                                                 
  208 00000124 00000000        DCD              DMA2_Stream1_IRQHandler ; DMA2 
                                                            Stream 1           
                                                                               
                                                                 
  209 00000128 00000000        DCD              DMA2_Stream2_IRQHandler ; DMA2 
                                                            Stream 2           
                                                                               
                                                                 
  210 0000012C 00000000        DCD              DMA2_Stream3_IRQHandler ; DMA2 
                                                            Stream 3           
                                                                               
                                                                 
  211 00000130 00000000        DCD              DMA2_Stream4_IRQHandler ; DMA2 
                                                            Stream 4           
                                                                               
                                                                 
  212 00000134 00000000        DCD              0           ; Reserved         
                                                                               
                                                                        
  213 00000138 00000000        DCD              0           ; Reserved         
                                                                         
  214 0000013C 00000000        DCD              CAN2_TX_IRQHandler ; CAN2 TX   
                                                                               
                                                                               
                                                                   
  215 00000140 00000000        DCD              CAN2_RX0_IRQHandler ; CAN2 RX0 
                                                                               
                                                                               
                                                                    
  216 00000144 00000000        DCD              CAN2_RX1_IRQHandler ; CAN2 RX1 
                                                                               
                                                                               
                                                                    
  217 00000148 00000000        DCD              CAN2_SCE_IRQHandler ; CAN2 SCE 
                                                                               
                                                                               
                                                                    
  218 0000014C 00000000        DCD              OTG_FS_IRQHandler ; USB OTG FS 



ARM Macro Assembler    Page 9 


                                                                               
                                                                              
  219 00000150 00000000        DCD              DMA2_Stream5_IRQHandler ; DMA2 
                                                            Stream 5           
                                                                               
                                                                 
  220 00000154 00000000        DCD              DMA2_Stream6_IRQHandler ; DMA2 
                                                            Stream 6           
                                                                               
                                                                 
  221 00000158 00000000        DCD              DMA2_Stream7_IRQHandler ; DMA2 
                                                            Stream 7           
                                                                               
                                                                 
  222 0000015C 00000000        DCD              USART6_IRQHandler ; USART6     
                                                                               
                                                                               
                                                            
  223 00000160 00000000        DCD              I2C3_EV_IRQHandler ; I2C3 event
                                                                               
                                                                               
                                                                   
  224 00000164 00000000        DCD              I2C3_ER_IRQHandler ; I2C3 error
                                                                               
                                                                               
                                                                   
  225 00000168 00000000        DCD              OTG_HS_EP1_OUT_IRQHandler ; USB
                                                             OTG HS End Point 1
                                                             Out               
                                                                   
  226 0000016C 00000000        DCD              OTG_HS_EP1_IN_IRQHandler ; USB 
                                                            OTG HS End Point 1 
                                                            In                 
                                                                  
  227 00000170 00000000        DCD              OTG_HS_WKUP_IRQHandler ; USB OT
                                                            G HS Wakeup through
                                                             EXTI              
                                                                       
  228 00000174 00000000        DCD              OTG_HS_IRQHandler ; USB OTG HS 
                                                                               
                                                                              
  229 00000178 00000000        DCD              DCMI_IRQHandler ; DCMI  
  230 0000017C 00000000        DCD              0           ; Reserved         
                                                                               
                                                                  
  231 00000180 00000000        DCD              0           ; Reserved
  232 00000184 00000000        DCD              FPU_IRQHandler ; FPU
  233 00000188 00000000        DCD              0           ; Reserved
  234 0000018C 00000000        DCD              0           ; Reserved
  235 00000190 00000000        DCD              SPI4_IRQHandler ; SPI4
  236 00000194 00000000        DCD              0           ; Reserved
  237 00000198 00000000        DCD              0           ; Reserved
  238 0000019C 00000000        DCD              SAI1_IRQHandler ; SAI1
  239 000001A0 00000000        DCD              0           ; Reserved
  240 000001A4 00000000        DCD              0           ; Reserved
  241 000001A8 00000000        DCD              0           ; Reserved
  242 000001AC 00000000        DCD              SAI2_IRQHandler ; SAI2
  243 000001B0 00000000        DCD              QUADSPI_IRQHandler ; QuadSPI
  244 000001B4 00000000        DCD              CEC_IRQHandler ; CEC



ARM Macro Assembler    Page 10 


  245 000001B8 00000000        DCD              SPDIF_RX_IRQHandler ; SPDIF RX
  246 000001BC 00000000        DCD              I2C4_Event_IRQHandler 
                                                            ; I2C 4 Event
  247 000001C0 00000000        DCD              I2C4_Error_IRQHandler ; I2C 4 E
                                                            rror               
                                                                      
  248 000001C4         __Vectors_End
  249 000001C4         
  250 000001C4 000001C4 
                       __Vectors_Size
                               EQU              __Vectors_End - __Vectors
  251 000001C4         
  252 000001C4                 AREA             |.text|, CODE, READONLY
  253 00000000         
  254 00000000         ; Reset handler
  255 00000000         Reset_Handler
                               PROC
  256 00000000                 EXPORT           Reset_Handler             [WEAK
]
  257 00000000         ;IMPORT  SystemInit  ; Remove by Laurent BOURDEL
  258 00000000                 IMPORT           __main
  259 00000000         
  260 00000000         ;******************** Removed by Laurent BOURDEL *******
                       ********************************************   
  261 00000000         ; LDR     R0, =SystemInit  ; Commented out by Laurent BO
                       URDEL
  262 00000000         ; BLX     R0               ; Commented out by Laurent BO
                       URDEL
  263 00000000         
  264 00000000         ;******************** Added by Laurent BOURDEL *********
                       ********************************************
  265 00000000         ; Copy the RW Data from Flash to RAM 
  266 00000000 4816            LDR              r0, =|Image$$ER_IROM1$$RO$$Limi
t|
  267 00000002 4917            LDR              r1, =|Image$$RW_IRAM1$$RW$$Base
|
  268 00000004 4B17            LDR              r3, =|Image$$RW_IRAM1$$ZI$$Base
|
  269 00000006 4299    Copy_RW CMP              r1, r3
  270 00000008 BF3C F850 
              2B04             LDRCC            r2, [r0], #4
  271 0000000E F841 2B04       STRCC            r2, [r1], #4
  272 00000012 D3F8            BCC              Copy_RW
  273 00000014         
  274 00000014         ; Copy the ZI Data from Flash to RAM
  275 00000014 4914            LDR              r1, =|Image$$RW_IRAM1$$ZI$$Limi
t|
  276 00000016 F04F 0200       MOV              r2, #0
  277 0000001A 428B    Initialize_ZI
                               CMP              r3, r1
  278 0000001C BF38 F843 
              2B04             STRCC            r2, [r3], #4
  279 00000022 D3FA            BCC              Initialize_ZI
  280 00000024         
  281 00000024         ;;;;;;;;;;;;;;;;;;;;;;;;;;;;;;;;;;;;;;;;;;;;;;;;;;;;;;;;
                       ;;;;;;;;;;;;;;;;;;;;;;
  282 00000024         ; Enable FPU
  283 00000024         ;;;;;;;;;;;;;;;;;;;;;;;;;;;;;;;;;;;;;;;;;;;;;;;;;;;;;;;;
                       ;;;;;;;;;;;;;;;;;;;;;;



ARM Macro Assembler    Page 11 


  284 00000024         ; CPACR is located at address 0xE000ED88
  285 00000024 F8DF 0044       LDR.W            R0, =0xE000ED88
  286 00000028         ; Read CPACR
  287 00000028 6801            LDR              R1, [R0]
  288 0000002A         ; Set bits 20-23 to enable CP10 and CP11 coprocessors
  289 0000002A F441 0170       ORR              R1, R1, #(0xF << 20)
  290 0000002E         ; Write back the modified value to the CPACR
  291 0000002E 6001            STR              R1, [R0]    ; wait for store to
                                                             complete
  292 00000030 F3BF 8F4F       DSB
  293 00000034         ;reset pipeline now the FPU is enabled
  294 00000034 F3BF 8F6F       ISB
  295 00000038         ;******************** END ******************************
                       **************************************
  296 00000038         
  297 00000038 480D            LDR              R0, =__main
  298 0000003A 4700            BX               R0
  299 0000003C                 ENDP
  300 0000003C         
  301 0000003C         ; Dummy Exception Handlers (infinite loops which can be 
                       modified)
  302 0000003C         
  303 0000003C         NMI_Handler
                               PROC
  304 0000003C                 EXPORT           NMI_Handler                [WEA
K]
  305 0000003C E7FE            B                .
  306 0000003E                 ENDP
  308 0000003E         HardFault_Handler
                               PROC
  309 0000003E                 EXPORT           HardFault_Handler          [WEA
K]
  310 0000003E E7FE            B                .
  311 00000040                 ENDP
  313 00000040         MemManage_Handler
                               PROC
  314 00000040                 EXPORT           MemManage_Handler          [WEA
K]
  315 00000040 E7FE            B                .
  316 00000042                 ENDP
  318 00000042         BusFault_Handler
                               PROC
  319 00000042                 EXPORT           BusFault_Handler           [WEA
K]
  320 00000042 E7FE            B                .
  321 00000044                 ENDP
  323 00000044         UsageFault_Handler
                               PROC
  324 00000044                 EXPORT           UsageFault_Handler         [WEA
K]
  325 00000044 E7FE            B                .
  326 00000046                 ENDP
  327 00000046         SVC_Handler
                               PROC
  328 00000046                 EXPORT           SVC_Handler                [WEA
K]
  329 00000046 E7FE            B                .
  330 00000048                 ENDP
  332 00000048         DebugMon_Handler



ARM Macro Assembler    Page 12 


                               PROC
  333 00000048                 EXPORT           DebugMon_Handler           [WEA
K]
  334 00000048 E7FE            B                .
  335 0000004A                 ENDP
  336 0000004A         PendSV_Handler
                               PROC
  337 0000004A                 EXPORT           PendSV_Handler             [WEA
K]
  338 0000004A E7FE            B                .
  339 0000004C                 ENDP
  340 0000004C         SysTick_Handler
                               PROC
  341 0000004C                 EXPORT           SysTick_Handler            [WEA
K]
  342 0000004C E7FE            B                .
  343 0000004E                 ENDP
  344 0000004E         
  345 0000004E         Default_Handler
                               PROC
  346 0000004E         
  347 0000004E                 EXPORT           WWDG_IRQHandler                
   [WEAK]
  348 0000004E                 EXPORT           PVD_IRQHandler                 
   [WEAK]
  349 0000004E                 EXPORT           TAMP_STAMP_IRQHandler          
   [WEAK]
  350 0000004E                 EXPORT           RTC_WKUP_IRQHandler            
   [WEAK]
  351 0000004E                 EXPORT           FLASH_IRQHandler               
   [WEAK]
  352 0000004E                 EXPORT           RCC_IRQHandler                 
   [WEAK]
  353 0000004E                 EXPORT           EXTI0_IRQHandler               
   [WEAK]
  354 0000004E                 EXPORT           EXTI1_IRQHandler               
   [WEAK]
  355 0000004E                 EXPORT           EXTI2_IRQHandler               
   [WEAK]
  356 0000004E                 EXPORT           EXTI3_IRQHandler               
   [WEAK]
  357 0000004E                 EXPORT           EXTI4_IRQHandler               
   [WEAK]
  358 0000004E                 EXPORT           DMA1_Stream0_IRQHandler        
   [WEAK]
  359 0000004E                 EXPORT           DMA1_Stream1_IRQHandler        
   [WEAK]
  360 0000004E                 EXPORT           DMA1_Stream2_IRQHandler        
   [WEAK]
  361 0000004E                 EXPORT           DMA1_Stream3_IRQHandler        
   [WEAK]
  362 0000004E                 EXPORT           DMA1_Stream4_IRQHandler        
   [WEAK]
  363 0000004E                 EXPORT           DMA1_Stream5_IRQHandler        
   [WEAK]
  364 0000004E                 EXPORT           DMA1_Stream6_IRQHandler        
   [WEAK]
  365 0000004E                 EXPORT           ADC_IRQHandler                 
   [WEAK]



ARM Macro Assembler    Page 13 


  366 0000004E                 EXPORT           CAN1_TX_IRQHandler             
   [WEAK]
  367 0000004E                 EXPORT           CAN1_RX0_IRQHandler            
   [WEAK]
  368 0000004E                 EXPORT           CAN1_RX1_IRQHandler            
   [WEAK]
  369 0000004E                 EXPORT           CAN1_SCE_IRQHandler            
   [WEAK]
  370 0000004E                 EXPORT           EXTI9_5_IRQHandler             
   [WEAK]
  371 0000004E                 EXPORT           TIM1_BRK_TIM9_IRQHandler       
   [WEAK]
  372 0000004E                 EXPORT           TIM1_UP_TIM10_IRQHandler       
   [WEAK]
  373 0000004E                 EXPORT           TIM1_TRG_COM_TIM11_IRQHandler  
   [WEAK]
  374 0000004E                 EXPORT           TIM1_CC_IRQHandler             
   [WEAK]
  375 0000004E                 EXPORT           TIM2_IRQHandler                
   [WEAK]
  376 0000004E                 EXPORT           TIM3_IRQHandler                
   [WEAK]
  377 0000004E                 EXPORT           TIM4_IRQHandler                
   [WEAK]
  378 0000004E                 EXPORT           I2C1_EV_IRQHandler             
   [WEAK]
  379 0000004E                 EXPORT           I2C1_ER_IRQHandler             
   [WEAK]
  380 0000004E                 EXPORT           I2C2_EV_IRQHandler             
   [WEAK]
  381 0000004E                 EXPORT           I2C2_ER_IRQHandler             
   [WEAK]
  382 0000004E                 EXPORT           SPI1_IRQHandler                
   [WEAK]
  383 0000004E                 EXPORT           SPI2_IRQHandler                
   [WEAK]
  384 0000004E                 EXPORT           USART1_IRQHandler              
   [WEAK]
  385 0000004E                 EXPORT           USART2_IRQHandler              
   [WEAK]
  386 0000004E                 EXPORT           USART3_IRQHandler              
   [WEAK]
  387 0000004E                 EXPORT           EXTI15_10_IRQHandler           
   [WEAK]
  388 0000004E                 EXPORT           RTC_Alarm_IRQHandler           
   [WEAK]
  389 0000004E                 EXPORT           OTG_FS_WKUP_IRQHandler         
   [WEAK]
  390 0000004E                 EXPORT           TIM8_BRK_TIM12_IRQHandler      
   [WEAK]
  391 0000004E                 EXPORT           TIM8_UP_TIM13_IRQHandler       
   [WEAK]
  392 0000004E                 EXPORT           TIM8_TRG_COM_TIM14_IRQHandler  
   [WEAK]
  393 0000004E                 EXPORT           TIM8_CC_IRQHandler             
   [WEAK]
  394 0000004E                 EXPORT           DMA1_Stream7_IRQHandler        
   [WEAK]
  395 0000004E                 EXPORT           FMC_IRQHandler                 



ARM Macro Assembler    Page 14 


   [WEAK]
  396 0000004E                 EXPORT           SDIO_IRQHandler                
   [WEAK]
  397 0000004E                 EXPORT           TIM5_IRQHandler                
   [WEAK]
  398 0000004E                 EXPORT           SPI3_IRQHandler                
   [WEAK]
  399 0000004E                 EXPORT           UART4_IRQHandler               
   [WEAK]
  400 0000004E                 EXPORT           UART5_IRQHandler               
   [WEAK]
  401 0000004E                 EXPORT           TIM6_DAC_IRQHandler            
   [WEAK]
  402 0000004E                 EXPORT           TIM7_IRQHandler                
   [WEAK]
  403 0000004E                 EXPORT           DMA2_Stream0_IRQHandler        
   [WEAK]
  404 0000004E                 EXPORT           DMA2_Stream1_IRQHandler        
   [WEAK]
  405 0000004E                 EXPORT           DMA2_Stream2_IRQHandler        
   [WEAK]
  406 0000004E                 EXPORT           DMA2_Stream3_IRQHandler        
   [WEAK]
  407 0000004E                 EXPORT           DMA2_Stream4_IRQHandler        
   [WEAK]
  408 0000004E                 EXPORT           CAN2_TX_IRQHandler             
   [WEAK]
  409 0000004E                 EXPORT           CAN2_RX0_IRQHandler            
   [WEAK]
  410 0000004E                 EXPORT           CAN2_RX1_IRQHandler            
   [WEAK]
  411 0000004E                 EXPORT           CAN2_SCE_IRQHandler            
   [WEAK]
  412 0000004E                 EXPORT           OTG_FS_IRQHandler              
   [WEAK]
  413 0000004E                 EXPORT           DMA2_Stream5_IRQHandler        
   [WEAK]
  414 0000004E                 EXPORT           DMA2_Stream6_IRQHandler        
   [WEAK]
  415 0000004E                 EXPORT           DMA2_Stream7_IRQHandler        
   [WEAK]
  416 0000004E                 EXPORT           USART6_IRQHandler              
   [WEAK]
  417 0000004E                 EXPORT           I2C3_EV_IRQHandler             
   [WEAK]
  418 0000004E                 EXPORT           I2C3_ER_IRQHandler             
   [WEAK]
  419 0000004E                 EXPORT           OTG_HS_EP1_OUT_IRQHandler      
   [WEAK]
  420 0000004E                 EXPORT           OTG_HS_EP1_IN_IRQHandler       
   [WEAK]
  421 0000004E                 EXPORT           OTG_HS_WKUP_IRQHandler         
   [WEAK]
  422 0000004E                 EXPORT           OTG_HS_IRQHandler              
   [WEAK]
  423 0000004E                 EXPORT           DCMI_IRQHandler                
   [WEAK]
  424 0000004E                 EXPORT           FPU_IRQHandler                 
   [WEAK]



ARM Macro Assembler    Page 15 


  425 0000004E                 EXPORT           SPI4_IRQHandler                
   [WEAK]
  426 0000004E                 EXPORT           SAI1_IRQHandler                
   [WEAK]
  427 0000004E                 EXPORT           SPI4_IRQHandler                
   [WEAK]
  428 0000004E                 EXPORT           SAI1_IRQHandler                
   [WEAK]
  429 0000004E                 EXPORT           SAI2_IRQHandler                
   [WEAK]
  430 0000004E                 EXPORT           QUADSPI_IRQHandler             
   [WEAK]
  431 0000004E                 EXPORT           CEC_IRQHandler                 
   [WEAK]
  432 0000004E                 EXPORT           SPDIF_RX_IRQHandler            
   [WEAK]
  433 0000004E                 EXPORT           I2C4_Event_IRQHandler          
   [WEAK]
  434 0000004E                 EXPORT           I2C4_Error_IRQHandler          
   [WEAK]
  435 0000004E         
  436 0000004E         WWDG_IRQHandler
  437 0000004E         PVD_IRQHandler
  438 0000004E         TAMP_STAMP_IRQHandler
  439 0000004E         RTC_WKUP_IRQHandler
  440 0000004E         FLASH_IRQHandler
  441 0000004E         RCC_IRQHandler
  442 0000004E         EXTI0_IRQHandler
  443 0000004E         EXTI1_IRQHandler
  444 0000004E         EXTI2_IRQHandler
  445 0000004E         EXTI3_IRQHandler
  446 0000004E         EXTI4_IRQHandler
  447 0000004E         DMA1_Stream0_IRQHandler
  448 0000004E         DMA1_Stream1_IRQHandler
  449 0000004E         DMA1_Stream2_IRQHandler
  450 0000004E         DMA1_Stream3_IRQHandler
  451 0000004E         DMA1_Stream4_IRQHandler
  452 0000004E         DMA1_Stream5_IRQHandler
  453 0000004E         DMA1_Stream6_IRQHandler
  454 0000004E         ADC_IRQHandler
  455 0000004E         CAN1_TX_IRQHandler
  456 0000004E         CAN1_RX0_IRQHandler
  457 0000004E         CAN1_RX1_IRQHandler
  458 0000004E         CAN1_SCE_IRQHandler
  459 0000004E         EXTI9_5_IRQHandler
  460 0000004E         TIM1_BRK_TIM9_IRQHandler
  461 0000004E         TIM1_UP_TIM10_IRQHandler
  462 0000004E         TIM1_TRG_COM_TIM11_IRQHandler
  463 0000004E         TIM1_CC_IRQHandler
  464 0000004E         TIM2_IRQHandler
  465 0000004E         TIM3_IRQHandler
  466 0000004E         TIM4_IRQHandler
  467 0000004E         I2C1_EV_IRQHandler
  468 0000004E         I2C1_ER_IRQHandler
  469 0000004E         I2C2_EV_IRQHandler
  470 0000004E         I2C2_ER_IRQHandler
  471 0000004E         SPI1_IRQHandler
  472 0000004E         SPI2_IRQHandler
  473 0000004E         USART1_IRQHandler



ARM Macro Assembler    Page 16 


  474 0000004E         USART2_IRQHandler
  475 0000004E         USART3_IRQHandler
  476 0000004E         EXTI15_10_IRQHandler
  477 0000004E         RTC_Alarm_IRQHandler
  478 0000004E         OTG_FS_WKUP_IRQHandler
  479 0000004E         TIM8_BRK_TIM12_IRQHandler
  480 0000004E         TIM8_UP_TIM13_IRQHandler
  481 0000004E         TIM8_TRG_COM_TIM14_IRQHandler
  482 0000004E         TIM8_CC_IRQHandler
  483 0000004E         DMA1_Stream7_IRQHandler
  484 0000004E         FMC_IRQHandler
  485 0000004E         SDIO_IRQHandler
  486 0000004E         TIM5_IRQHandler
  487 0000004E         SPI3_IRQHandler
  488 0000004E         UART4_IRQHandler
  489 0000004E         UART5_IRQHandler
  490 0000004E         TIM6_DAC_IRQHandler
  491 0000004E         TIM7_IRQHandler
  492 0000004E         DMA2_Stream0_IRQHandler
  493 0000004E         DMA2_Stream1_IRQHandler
  494 0000004E         DMA2_Stream2_IRQHandler
  495 0000004E         DMA2_Stream3_IRQHandler
  496 0000004E         DMA2_Stream4_IRQHandler
  497 0000004E         CAN2_TX_IRQHandler
  498 0000004E         CAN2_RX0_IRQHandler
  499 0000004E         CAN2_RX1_IRQHandler
  500 0000004E         CAN2_SCE_IRQHandler
  501 0000004E         OTG_FS_IRQHandler
  502 0000004E         DMA2_Stream5_IRQHandler
  503 0000004E         DMA2_Stream6_IRQHandler
  504 0000004E         DMA2_Stream7_IRQHandler
  505 0000004E         USART6_IRQHandler
  506 0000004E         I2C3_EV_IRQHandler
  507 0000004E         I2C3_ER_IRQHandler
  508 0000004E         OTG_HS_EP1_OUT_IRQHandler
  509 0000004E         OTG_HS_EP1_IN_IRQHandler
  510 0000004E         OTG_HS_WKUP_IRQHandler
  511 0000004E         OTG_HS_IRQHandler
  512 0000004E         DCMI_IRQHandler
  513 0000004E         FPU_IRQHandler
  514 0000004E         SPI4_IRQHandler
  515 0000004E         SAI1_IRQHandler
  516 0000004E         SAI2_IRQHandler
  517 0000004E         QUADSPI_IRQHandler
  518 0000004E         CEC_IRQHandler
  519 0000004E         SPDIF_RX_IRQHandler
  520 0000004E         I2C4_Event_IRQHandler
  521 0000004E         I2C4_Error_IRQHandler
  522 0000004E E7FE            B                .
  523 00000050         
  524 00000050                 ENDP
  525 00000050         
  526 00000050                 ALIGN
  527 00000050         
  528 00000050         ;*******************************************************
                       ************************
  529 00000050         ; User Stack and Heap initialization
  530 00000050         ;*******************************************************
                       ************************



ARM Macro Assembler    Page 17 


  531 00000050                 IF               :DEF:__MICROLIB
  538 00000050         
  539 00000050         ;IMPORT  __use_two_region_memory  ; Remove by Laurent BO
                       URDEL
  540 00000050                 EXPORT           __user_initial_stackheap
  541 00000050         
  542 00000050         __user_initial_stackheap
  543 00000050         
  544 00000050 4808            LDR              R0, =  Heap_Mem
  545 00000052 4909            LDR              R1, =(Stack_Mem + Stack_Size)
  546 00000054 4A09            LDR              R2, = (Heap_Mem +  Heap_Size)
  547 00000056 4B0A            LDR              R3, = Stack_Mem
  548 00000058 4770            BX               LR
  549 0000005A         
  550 0000005A 00 00           ALIGN
  551 0000005C         
  552 0000005C                 ENDIF
  553 0000005C         
  554 0000005C                 END
              00000000 
              00000000 
              00000000 
              00000000 
              E000ED88 
              00000000 
              00000000 
              00000400 
              00000200 
              00000000 
Command Line: --debug --xref --diag_suppress=9931 --cpu=Cortex-M4.fp --apcs=int
erwork --depend=.\objects\startup_stm32f446xx.d -o.\objects\startup_stm32f446xx
.o -IC:\Users\acadiou\Documents\cadiouvu\RTE\_STM32F446 -IC:\Keil_v5\ARM\PACK\A
RM\CMSIS\5.0.1\CMSIS\Include -IC:\Keil_v5\ARM\PACK\Keil\STM32F4xx_DFP\2.11.0\Dr
ivers\CMSIS\Device\ST\STM32F4xx\Include --predefine="__EVAL SETA 1" --predefine
="__UVISION_VERSION SETA 522" --predefine="_RTE_ SETA 1" --predefine="STM32F446
xx SETA 1" --list=.\listings\startup_stm32f446xx.lst startup_stm32f446xx.s



ARM Macro Assembler    Page 1 Alphabetic symbol ordering
Relocatable symbols

STACK 00000000

Symbol: STACK
   Definitions
      At line 107 in file startup_stm32f446xx.s
   Uses
      None
Comment: STACK unused
Stack_Mem 00000000

Symbol: Stack_Mem
   Definitions
      At line 108 in file startup_stm32f446xx.s
   Uses
      At line 545 in file startup_stm32f446xx.s
      At line 547 in file startup_stm32f446xx.s

__initial_sp 00000400

Symbol: __initial_sp
   Definitions
      At line 109 in file startup_stm32f446xx.s
   Uses
      At line 133 in file startup_stm32f446xx.s
Comment: __initial_sp used once
3 symbols



ARM Macro Assembler    Page 1 Alphabetic symbol ordering
Relocatable symbols

HEAP 00000000

Symbol: HEAP
   Definitions
      At line 118 in file startup_stm32f446xx.s
   Uses
      None
Comment: HEAP unused
Heap_Mem 00000000

Symbol: Heap_Mem
   Definitions
      At line 120 in file startup_stm32f446xx.s
   Uses
      At line 544 in file startup_stm32f446xx.s
      At line 546 in file startup_stm32f446xx.s

__heap_base 00000000

Symbol: __heap_base
   Definitions
      At line 119 in file startup_stm32f446xx.s
   Uses
      None
Comment: __heap_base unused
__heap_limit 00000200

Symbol: __heap_limit
   Definitions
      At line 121 in file startup_stm32f446xx.s
   Uses
      None
Comment: __heap_limit unused
4 symbols



ARM Macro Assembler    Page 1 Alphabetic symbol ordering
Relocatable symbols

RESET 00000000

Symbol: RESET
   Definitions
      At line 128 in file startup_stm32f446xx.s
   Uses
      None
Comment: RESET unused
__Vectors 00000000

Symbol: __Vectors
   Definitions
      At line 133 in file startup_stm32f446xx.s
   Uses
      At line 129 in file startup_stm32f446xx.s
      At line 250 in file startup_stm32f446xx.s

__Vectors_End 000001C4

Symbol: __Vectors_End
   Definitions
      At line 248 in file startup_stm32f446xx.s
   Uses
      At line 130 in file startup_stm32f446xx.s
      At line 250 in file startup_stm32f446xx.s

3 symbols



ARM Macro Assembler    Page 1 Alphabetic symbol ordering
Relocatable symbols

.text 00000000

Symbol: .text
   Definitions
      At line 252 in file startup_stm32f446xx.s
   Uses
      None
Comment: .text unused
ADC_IRQHandler 0000004E

Symbol: ADC_IRQHandler
   Definitions
      At line 454 in file startup_stm32f446xx.s
   Uses
      At line 169 in file startup_stm32f446xx.s
      At line 365 in file startup_stm32f446xx.s

BusFault_Handler 00000042

Symbol: BusFault_Handler
   Definitions
      At line 318 in file startup_stm32f446xx.s
   Uses
      At line 138 in file startup_stm32f446xx.s
      At line 319 in file startup_stm32f446xx.s

CAN1_RX0_IRQHandler 0000004E

Symbol: CAN1_RX0_IRQHandler
   Definitions
      At line 456 in file startup_stm32f446xx.s
   Uses
      At line 171 in file startup_stm32f446xx.s
      At line 367 in file startup_stm32f446xx.s

CAN1_RX1_IRQHandler 0000004E

Symbol: CAN1_RX1_IRQHandler
   Definitions
      At line 457 in file startup_stm32f446xx.s
   Uses
      At line 172 in file startup_stm32f446xx.s
      At line 368 in file startup_stm32f446xx.s

CAN1_SCE_IRQHandler 0000004E

Symbol: CAN1_SCE_IRQHandler
   Definitions
      At line 458 in file startup_stm32f446xx.s
   Uses
      At line 173 in file startup_stm32f446xx.s
      At line 369 in file startup_stm32f446xx.s

CAN1_TX_IRQHandler 0000004E

Symbol: CAN1_TX_IRQHandler
   Definitions
      At line 455 in file startup_stm32f446xx.s
   Uses



ARM Macro Assembler    Page 2 Alphabetic symbol ordering
Relocatable symbols

      At line 170 in file startup_stm32f446xx.s
      At line 366 in file startup_stm32f446xx.s

CAN2_RX0_IRQHandler 0000004E

Symbol: CAN2_RX0_IRQHandler
   Definitions
      At line 498 in file startup_stm32f446xx.s
   Uses
      At line 215 in file startup_stm32f446xx.s
      At line 409 in file startup_stm32f446xx.s

CAN2_RX1_IRQHandler 0000004E

Symbol: CAN2_RX1_IRQHandler
   Definitions
      At line 499 in file startup_stm32f446xx.s
   Uses
      At line 216 in file startup_stm32f446xx.s
      At line 410 in file startup_stm32f446xx.s

CAN2_SCE_IRQHandler 0000004E

Symbol: CAN2_SCE_IRQHandler
   Definitions
      At line 500 in file startup_stm32f446xx.s
   Uses
      At line 217 in file startup_stm32f446xx.s
      At line 411 in file startup_stm32f446xx.s

CAN2_TX_IRQHandler 0000004E

Symbol: CAN2_TX_IRQHandler
   Definitions
      At line 497 in file startup_stm32f446xx.s
   Uses
      At line 214 in file startup_stm32f446xx.s
      At line 408 in file startup_stm32f446xx.s

CEC_IRQHandler 0000004E

Symbol: CEC_IRQHandler
   Definitions
      At line 518 in file startup_stm32f446xx.s
   Uses
      At line 244 in file startup_stm32f446xx.s
      At line 431 in file startup_stm32f446xx.s

Copy_RW 00000006

Symbol: Copy_RW
   Definitions
      At line 269 in file startup_stm32f446xx.s
   Uses
      At line 272 in file startup_stm32f446xx.s
Comment: Copy_RW used once
DCMI_IRQHandler 0000004E

Symbol: DCMI_IRQHandler



ARM Macro Assembler    Page 3 Alphabetic symbol ordering
Relocatable symbols

   Definitions
      At line 512 in file startup_stm32f446xx.s
   Uses
      At line 229 in file startup_stm32f446xx.s
      At line 423 in file startup_stm32f446xx.s

DMA1_Stream0_IRQHandler 0000004E

Symbol: DMA1_Stream0_IRQHandler
   Definitions
      At line 447 in file startup_stm32f446xx.s
   Uses
      At line 162 in file startup_stm32f446xx.s
      At line 358 in file startup_stm32f446xx.s

DMA1_Stream1_IRQHandler 0000004E

Symbol: DMA1_Stream1_IRQHandler
   Definitions
      At line 448 in file startup_stm32f446xx.s
   Uses
      At line 163 in file startup_stm32f446xx.s
      At line 359 in file startup_stm32f446xx.s

DMA1_Stream2_IRQHandler 0000004E

Symbol: DMA1_Stream2_IRQHandler
   Definitions
      At line 449 in file startup_stm32f446xx.s
   Uses
      At line 164 in file startup_stm32f446xx.s
      At line 360 in file startup_stm32f446xx.s

DMA1_Stream3_IRQHandler 0000004E

Symbol: DMA1_Stream3_IRQHandler
   Definitions
      At line 450 in file startup_stm32f446xx.s
   Uses
      At line 165 in file startup_stm32f446xx.s
      At line 361 in file startup_stm32f446xx.s

DMA1_Stream4_IRQHandler 0000004E

Symbol: DMA1_Stream4_IRQHandler
   Definitions
      At line 451 in file startup_stm32f446xx.s
   Uses
      At line 166 in file startup_stm32f446xx.s
      At line 362 in file startup_stm32f446xx.s

DMA1_Stream5_IRQHandler 0000004E

Symbol: DMA1_Stream5_IRQHandler
   Definitions
      At line 452 in file startup_stm32f446xx.s
   Uses
      At line 167 in file startup_stm32f446xx.s
      At line 363 in file startup_stm32f446xx.s



ARM Macro Assembler    Page 4 Alphabetic symbol ordering
Relocatable symbols


DMA1_Stream6_IRQHandler 0000004E

Symbol: DMA1_Stream6_IRQHandler
   Definitions
      At line 453 in file startup_stm32f446xx.s
   Uses
      At line 168 in file startup_stm32f446xx.s
      At line 364 in file startup_stm32f446xx.s

DMA1_Stream7_IRQHandler 0000004E

Symbol: DMA1_Stream7_IRQHandler
   Definitions
      At line 483 in file startup_stm32f446xx.s
   Uses
      At line 198 in file startup_stm32f446xx.s
      At line 394 in file startup_stm32f446xx.s

DMA2_Stream0_IRQHandler 0000004E

Symbol: DMA2_Stream0_IRQHandler
   Definitions
      At line 492 in file startup_stm32f446xx.s
   Uses
      At line 207 in file startup_stm32f446xx.s
      At line 403 in file startup_stm32f446xx.s

DMA2_Stream1_IRQHandler 0000004E

Symbol: DMA2_Stream1_IRQHandler
   Definitions
      At line 493 in file startup_stm32f446xx.s
   Uses
      At line 208 in file startup_stm32f446xx.s
      At line 404 in file startup_stm32f446xx.s

DMA2_Stream2_IRQHandler 0000004E

Symbol: DMA2_Stream2_IRQHandler
   Definitions
      At line 494 in file startup_stm32f446xx.s
   Uses
      At line 209 in file startup_stm32f446xx.s
      At line 405 in file startup_stm32f446xx.s

DMA2_Stream3_IRQHandler 0000004E

Symbol: DMA2_Stream3_IRQHandler
   Definitions
      At line 495 in file startup_stm32f446xx.s
   Uses
      At line 210 in file startup_stm32f446xx.s
      At line 406 in file startup_stm32f446xx.s

DMA2_Stream4_IRQHandler 0000004E

Symbol: DMA2_Stream4_IRQHandler
   Definitions



ARM Macro Assembler    Page 5 Alphabetic symbol ordering
Relocatable symbols

      At line 496 in file startup_stm32f446xx.s
   Uses
      At line 211 in file startup_stm32f446xx.s
      At line 407 in file startup_stm32f446xx.s

DMA2_Stream5_IRQHandler 0000004E

Symbol: DMA2_Stream5_IRQHandler
   Definitions
      At line 502 in file startup_stm32f446xx.s
   Uses
      At line 219 in file startup_stm32f446xx.s
      At line 413 in file startup_stm32f446xx.s

DMA2_Stream6_IRQHandler 0000004E

Symbol: DMA2_Stream6_IRQHandler
   Definitions
      At line 503 in file startup_stm32f446xx.s
   Uses
      At line 220 in file startup_stm32f446xx.s
      At line 414 in file startup_stm32f446xx.s

DMA2_Stream7_IRQHandler 0000004E

Symbol: DMA2_Stream7_IRQHandler
   Definitions
      At line 504 in file startup_stm32f446xx.s
   Uses
      At line 221 in file startup_stm32f446xx.s
      At line 415 in file startup_stm32f446xx.s

DebugMon_Handler 00000048

Symbol: DebugMon_Handler
   Definitions
      At line 332 in file startup_stm32f446xx.s
   Uses
      At line 145 in file startup_stm32f446xx.s
      At line 333 in file startup_stm32f446xx.s

Default_Handler 0000004E

Symbol: Default_Handler
   Definitions
      At line 345 in file startup_stm32f446xx.s
   Uses
      None
Comment: Default_Handler unused
EXTI0_IRQHandler 0000004E

Symbol: EXTI0_IRQHandler
   Definitions
      At line 442 in file startup_stm32f446xx.s
   Uses
      At line 157 in file startup_stm32f446xx.s
      At line 353 in file startup_stm32f446xx.s

EXTI15_10_IRQHandler 0000004E



ARM Macro Assembler    Page 6 Alphabetic symbol ordering
Relocatable symbols


Symbol: EXTI15_10_IRQHandler
   Definitions
      At line 476 in file startup_stm32f446xx.s
   Uses
      At line 191 in file startup_stm32f446xx.s
      At line 387 in file startup_stm32f446xx.s

EXTI1_IRQHandler 0000004E

Symbol: EXTI1_IRQHandler
   Definitions
      At line 443 in file startup_stm32f446xx.s
   Uses
      At line 158 in file startup_stm32f446xx.s
      At line 354 in file startup_stm32f446xx.s

EXTI2_IRQHandler 0000004E

Symbol: EXTI2_IRQHandler
   Definitions
      At line 444 in file startup_stm32f446xx.s
   Uses
      At line 159 in file startup_stm32f446xx.s
      At line 355 in file startup_stm32f446xx.s

EXTI3_IRQHandler 0000004E

Symbol: EXTI3_IRQHandler
   Definitions
      At line 445 in file startup_stm32f446xx.s
   Uses
      At line 160 in file startup_stm32f446xx.s
      At line 356 in file startup_stm32f446xx.s

EXTI4_IRQHandler 0000004E

Symbol: EXTI4_IRQHandler
   Definitions
      At line 446 in file startup_stm32f446xx.s
   Uses
      At line 161 in file startup_stm32f446xx.s
      At line 357 in file startup_stm32f446xx.s

EXTI9_5_IRQHandler 0000004E

Symbol: EXTI9_5_IRQHandler
   Definitions
      At line 459 in file startup_stm32f446xx.s
   Uses
      At line 174 in file startup_stm32f446xx.s
      At line 370 in file startup_stm32f446xx.s

FLASH_IRQHandler 0000004E

Symbol: FLASH_IRQHandler
   Definitions
      At line 440 in file startup_stm32f446xx.s
   Uses



ARM Macro Assembler    Page 7 Alphabetic symbol ordering
Relocatable symbols

      At line 155 in file startup_stm32f446xx.s
      At line 351 in file startup_stm32f446xx.s

FMC_IRQHandler 0000004E

Symbol: FMC_IRQHandler
   Definitions
      At line 484 in file startup_stm32f446xx.s
   Uses
      At line 199 in file startup_stm32f446xx.s
      At line 395 in file startup_stm32f446xx.s

FPU_IRQHandler 0000004E

Symbol: FPU_IRQHandler
   Definitions
      At line 513 in file startup_stm32f446xx.s
   Uses
      At line 232 in file startup_stm32f446xx.s
      At line 424 in file startup_stm32f446xx.s

HardFault_Handler 0000003E

Symbol: HardFault_Handler
   Definitions
      At line 308 in file startup_stm32f446xx.s
   Uses
      At line 136 in file startup_stm32f446xx.s
      At line 309 in file startup_stm32f446xx.s

I2C1_ER_IRQHandler 0000004E

Symbol: I2C1_ER_IRQHandler
   Definitions
      At line 468 in file startup_stm32f446xx.s
   Uses
      At line 183 in file startup_stm32f446xx.s
      At line 379 in file startup_stm32f446xx.s

I2C1_EV_IRQHandler 0000004E

Symbol: I2C1_EV_IRQHandler
   Definitions
      At line 467 in file startup_stm32f446xx.s
   Uses
      At line 182 in file startup_stm32f446xx.s
      At line 378 in file startup_stm32f446xx.s

I2C2_ER_IRQHandler 0000004E

Symbol: I2C2_ER_IRQHandler
   Definitions
      At line 470 in file startup_stm32f446xx.s
   Uses
      At line 185 in file startup_stm32f446xx.s
      At line 381 in file startup_stm32f446xx.s

I2C2_EV_IRQHandler 0000004E




ARM Macro Assembler    Page 8 Alphabetic symbol ordering
Relocatable symbols

Symbol: I2C2_EV_IRQHandler
   Definitions
      At line 469 in file startup_stm32f446xx.s
   Uses
      At line 184 in file startup_stm32f446xx.s
      At line 380 in file startup_stm32f446xx.s

I2C3_ER_IRQHandler 0000004E

Symbol: I2C3_ER_IRQHandler
   Definitions
      At line 507 in file startup_stm32f446xx.s
   Uses
      At line 224 in file startup_stm32f446xx.s
      At line 418 in file startup_stm32f446xx.s

I2C3_EV_IRQHandler 0000004E

Symbol: I2C3_EV_IRQHandler
   Definitions
      At line 506 in file startup_stm32f446xx.s
   Uses
      At line 223 in file startup_stm32f446xx.s
      At line 417 in file startup_stm32f446xx.s

I2C4_Error_IRQHandler 0000004E

Symbol: I2C4_Error_IRQHandler
   Definitions
      At line 521 in file startup_stm32f446xx.s
   Uses
      At line 247 in file startup_stm32f446xx.s
      At line 434 in file startup_stm32f446xx.s

I2C4_Event_IRQHandler 0000004E

Symbol: I2C4_Event_IRQHandler
   Definitions
      At line 520 in file startup_stm32f446xx.s
   Uses
      At line 246 in file startup_stm32f446xx.s
      At line 433 in file startup_stm32f446xx.s

Initialize_ZI 0000001A

Symbol: Initialize_ZI
   Definitions
      At line 277 in file startup_stm32f446xx.s
   Uses
      At line 279 in file startup_stm32f446xx.s
Comment: Initialize_ZI used once
MemManage_Handler 00000040

Symbol: MemManage_Handler
   Definitions
      At line 313 in file startup_stm32f446xx.s
   Uses
      At line 137 in file startup_stm32f446xx.s
      At line 314 in file startup_stm32f446xx.s



ARM Macro Assembler    Page 9 Alphabetic symbol ordering
Relocatable symbols


NMI_Handler 0000003C

Symbol: NMI_Handler
   Definitions
      At line 303 in file startup_stm32f446xx.s
   Uses
      At line 135 in file startup_stm32f446xx.s
      At line 304 in file startup_stm32f446xx.s

OTG_FS_IRQHandler 0000004E

Symbol: OTG_FS_IRQHandler
   Definitions
      At line 501 in file startup_stm32f446xx.s
   Uses
      At line 218 in file startup_stm32f446xx.s
      At line 412 in file startup_stm32f446xx.s

OTG_FS_WKUP_IRQHandler 0000004E

Symbol: OTG_FS_WKUP_IRQHandler
   Definitions
      At line 478 in file startup_stm32f446xx.s
   Uses
      At line 193 in file startup_stm32f446xx.s
      At line 389 in file startup_stm32f446xx.s

OTG_HS_EP1_IN_IRQHandler 0000004E

Symbol: OTG_HS_EP1_IN_IRQHandler
   Definitions
      At line 509 in file startup_stm32f446xx.s
   Uses
      At line 226 in file startup_stm32f446xx.s
      At line 420 in file startup_stm32f446xx.s

OTG_HS_EP1_OUT_IRQHandler 0000004E

Symbol: OTG_HS_EP1_OUT_IRQHandler
   Definitions
      At line 508 in file startup_stm32f446xx.s
   Uses
      At line 225 in file startup_stm32f446xx.s
      At line 419 in file startup_stm32f446xx.s

OTG_HS_IRQHandler 0000004E

Symbol: OTG_HS_IRQHandler
   Definitions
      At line 511 in file startup_stm32f446xx.s
   Uses
      At line 228 in file startup_stm32f446xx.s
      At line 422 in file startup_stm32f446xx.s

OTG_HS_WKUP_IRQHandler 0000004E

Symbol: OTG_HS_WKUP_IRQHandler
   Definitions



ARM Macro Assembler    Page 10 Alphabetic symbol ordering
Relocatable symbols

      At line 510 in file startup_stm32f446xx.s
   Uses
      At line 227 in file startup_stm32f446xx.s
      At line 421 in file startup_stm32f446xx.s

PVD_IRQHandler 0000004E

Symbol: PVD_IRQHandler
   Definitions
      At line 437 in file startup_stm32f446xx.s
   Uses
      At line 152 in file startup_stm32f446xx.s
      At line 348 in file startup_stm32f446xx.s

PendSV_Handler 0000004A

Symbol: PendSV_Handler
   Definitions
      At line 336 in file startup_stm32f446xx.s
   Uses
      At line 147 in file startup_stm32f446xx.s
      At line 337 in file startup_stm32f446xx.s

QUADSPI_IRQHandler 0000004E

Symbol: QUADSPI_IRQHandler
   Definitions
      At line 517 in file startup_stm32f446xx.s
   Uses
      At line 243 in file startup_stm32f446xx.s
      At line 430 in file startup_stm32f446xx.s

RCC_IRQHandler 0000004E

Symbol: RCC_IRQHandler
   Definitions
      At line 441 in file startup_stm32f446xx.s
   Uses
      At line 156 in file startup_stm32f446xx.s
      At line 352 in file startup_stm32f446xx.s

RTC_Alarm_IRQHandler 0000004E

Symbol: RTC_Alarm_IRQHandler
   Definitions
      At line 477 in file startup_stm32f446xx.s
   Uses
      At line 192 in file startup_stm32f446xx.s
      At line 388 in file startup_stm32f446xx.s

RTC_WKUP_IRQHandler 0000004E

Symbol: RTC_WKUP_IRQHandler
   Definitions
      At line 439 in file startup_stm32f446xx.s
   Uses
      At line 154 in file startup_stm32f446xx.s
      At line 350 in file startup_stm32f446xx.s




ARM Macro Assembler    Page 11 Alphabetic symbol ordering
Relocatable symbols

Reset_Handler 00000000

Symbol: Reset_Handler
   Definitions
      At line 255 in file startup_stm32f446xx.s
   Uses
      At line 134 in file startup_stm32f446xx.s
      At line 256 in file startup_stm32f446xx.s

SAI1_IRQHandler 0000004E

Symbol: SAI1_IRQHandler
   Definitions
      At line 515 in file startup_stm32f446xx.s
   Uses
      At line 238 in file startup_stm32f446xx.s
      At line 426 in file startup_stm32f446xx.s
      At line 428 in file startup_stm32f446xx.s

SAI2_IRQHandler 0000004E

Symbol: SAI2_IRQHandler
   Definitions
      At line 516 in file startup_stm32f446xx.s
   Uses
      At line 242 in file startup_stm32f446xx.s
      At line 429 in file startup_stm32f446xx.s

SDIO_IRQHandler 0000004E

Symbol: SDIO_IRQHandler
   Definitions
      At line 485 in file startup_stm32f446xx.s
   Uses
      At line 200 in file startup_stm32f446xx.s
      At line 396 in file startup_stm32f446xx.s

SPDIF_RX_IRQHandler 0000004E

Symbol: SPDIF_RX_IRQHandler
   Definitions
      At line 519 in file startup_stm32f446xx.s
   Uses
      At line 245 in file startup_stm32f446xx.s
      At line 432 in file startup_stm32f446xx.s

SPI1_IRQHandler 0000004E

Symbol: SPI1_IRQHandler
   Definitions
      At line 471 in file startup_stm32f446xx.s
   Uses
      At line 186 in file startup_stm32f446xx.s
      At line 382 in file startup_stm32f446xx.s

SPI2_IRQHandler 0000004E

Symbol: SPI2_IRQHandler
   Definitions



ARM Macro Assembler    Page 12 Alphabetic symbol ordering
Relocatable symbols

      At line 472 in file startup_stm32f446xx.s
   Uses
      At line 187 in file startup_stm32f446xx.s
      At line 383 in file startup_stm32f446xx.s

SPI3_IRQHandler 0000004E

Symbol: SPI3_IRQHandler
   Definitions
      At line 487 in file startup_stm32f446xx.s
   Uses
      At line 202 in file startup_stm32f446xx.s
      At line 398 in file startup_stm32f446xx.s

SPI4_IRQHandler 0000004E

Symbol: SPI4_IRQHandler
   Definitions
      At line 514 in file startup_stm32f446xx.s
   Uses
      At line 235 in file startup_stm32f446xx.s
      At line 425 in file startup_stm32f446xx.s
      At line 427 in file startup_stm32f446xx.s

SVC_Handler 00000046

Symbol: SVC_Handler
   Definitions
      At line 327 in file startup_stm32f446xx.s
   Uses
      At line 144 in file startup_stm32f446xx.s
      At line 328 in file startup_stm32f446xx.s

SysTick_Handler 0000004C

Symbol: SysTick_Handler
   Definitions
      At line 340 in file startup_stm32f446xx.s
   Uses
      At line 148 in file startup_stm32f446xx.s
      At line 341 in file startup_stm32f446xx.s

TAMP_STAMP_IRQHandler 0000004E

Symbol: TAMP_STAMP_IRQHandler
   Definitions
      At line 438 in file startup_stm32f446xx.s
   Uses
      At line 153 in file startup_stm32f446xx.s
      At line 349 in file startup_stm32f446xx.s

TIM1_BRK_TIM9_IRQHandler 0000004E

Symbol: TIM1_BRK_TIM9_IRQHandler
   Definitions
      At line 460 in file startup_stm32f446xx.s
   Uses
      At line 175 in file startup_stm32f446xx.s
      At line 371 in file startup_stm32f446xx.s



ARM Macro Assembler    Page 13 Alphabetic symbol ordering
Relocatable symbols


TIM1_CC_IRQHandler 0000004E

Symbol: TIM1_CC_IRQHandler
   Definitions
      At line 463 in file startup_stm32f446xx.s
   Uses
      At line 178 in file startup_stm32f446xx.s
      At line 374 in file startup_stm32f446xx.s

TIM1_TRG_COM_TIM11_IRQHandler 0000004E

Symbol: TIM1_TRG_COM_TIM11_IRQHandler
   Definitions
      At line 462 in file startup_stm32f446xx.s
   Uses
      At line 177 in file startup_stm32f446xx.s
      At line 373 in file startup_stm32f446xx.s

TIM1_UP_TIM10_IRQHandler 0000004E

Symbol: TIM1_UP_TIM10_IRQHandler
   Definitions
      At line 461 in file startup_stm32f446xx.s
   Uses
      At line 176 in file startup_stm32f446xx.s
      At line 372 in file startup_stm32f446xx.s

TIM2_IRQHandler 0000004E

Symbol: TIM2_IRQHandler
   Definitions
      At line 464 in file startup_stm32f446xx.s
   Uses
      At line 179 in file startup_stm32f446xx.s
      At line 375 in file startup_stm32f446xx.s

TIM3_IRQHandler 0000004E

Symbol: TIM3_IRQHandler
   Definitions
      At line 465 in file startup_stm32f446xx.s
   Uses
      At line 180 in file startup_stm32f446xx.s
      At line 376 in file startup_stm32f446xx.s

TIM4_IRQHandler 0000004E

Symbol: TIM4_IRQHandler
   Definitions
      At line 466 in file startup_stm32f446xx.s
   Uses
      At line 181 in file startup_stm32f446xx.s
      At line 377 in file startup_stm32f446xx.s

TIM5_IRQHandler 0000004E

Symbol: TIM5_IRQHandler
   Definitions



ARM Macro Assembler    Page 14 Alphabetic symbol ordering
Relocatable symbols

      At line 486 in file startup_stm32f446xx.s
   Uses
      At line 201 in file startup_stm32f446xx.s
      At line 397 in file startup_stm32f446xx.s

TIM6_DAC_IRQHandler 0000004E

Symbol: TIM6_DAC_IRQHandler
   Definitions
      At line 490 in file startup_stm32f446xx.s
   Uses
      At line 205 in file startup_stm32f446xx.s
      At line 401 in file startup_stm32f446xx.s

TIM7_IRQHandler 0000004E

Symbol: TIM7_IRQHandler
   Definitions
      At line 491 in file startup_stm32f446xx.s
   Uses
      At line 206 in file startup_stm32f446xx.s
      At line 402 in file startup_stm32f446xx.s

TIM8_BRK_TIM12_IRQHandler 0000004E

Symbol: TIM8_BRK_TIM12_IRQHandler
   Definitions
      At line 479 in file startup_stm32f446xx.s
   Uses
      At line 194 in file startup_stm32f446xx.s
      At line 390 in file startup_stm32f446xx.s

TIM8_CC_IRQHandler 0000004E

Symbol: TIM8_CC_IRQHandler
   Definitions
      At line 482 in file startup_stm32f446xx.s
   Uses
      At line 197 in file startup_stm32f446xx.s
      At line 393 in file startup_stm32f446xx.s

TIM8_TRG_COM_TIM14_IRQHandler 0000004E

Symbol: TIM8_TRG_COM_TIM14_IRQHandler
   Definitions
      At line 481 in file startup_stm32f446xx.s
   Uses
      At line 196 in file startup_stm32f446xx.s
      At line 392 in file startup_stm32f446xx.s

TIM8_UP_TIM13_IRQHandler 0000004E

Symbol: TIM8_UP_TIM13_IRQHandler
   Definitions
      At line 480 in file startup_stm32f446xx.s
   Uses
      At line 195 in file startup_stm32f446xx.s
      At line 391 in file startup_stm32f446xx.s




ARM Macro Assembler    Page 15 Alphabetic symbol ordering
Relocatable symbols

UART4_IRQHandler 0000004E

Symbol: UART4_IRQHandler
   Definitions
      At line 488 in file startup_stm32f446xx.s
   Uses
      At line 203 in file startup_stm32f446xx.s
      At line 399 in file startup_stm32f446xx.s

UART5_IRQHandler 0000004E

Symbol: UART5_IRQHandler
   Definitions
      At line 489 in file startup_stm32f446xx.s
   Uses
      At line 204 in file startup_stm32f446xx.s
      At line 400 in file startup_stm32f446xx.s

USART1_IRQHandler 0000004E

Symbol: USART1_IRQHandler
   Definitions
      At line 473 in file startup_stm32f446xx.s
   Uses
      At line 188 in file startup_stm32f446xx.s
      At line 384 in file startup_stm32f446xx.s

USART2_IRQHandler 0000004E

Symbol: USART2_IRQHandler
   Definitions
      At line 474 in file startup_stm32f446xx.s
   Uses
      At line 189 in file startup_stm32f446xx.s
      At line 385 in file startup_stm32f446xx.s

USART3_IRQHandler 0000004E

Symbol: USART3_IRQHandler
   Definitions
      At line 475 in file startup_stm32f446xx.s
   Uses
      At line 190 in file startup_stm32f446xx.s
      At line 386 in file startup_stm32f446xx.s

USART6_IRQHandler 0000004E

Symbol: USART6_IRQHandler
   Definitions
      At line 505 in file startup_stm32f446xx.s
   Uses
      At line 222 in file startup_stm32f446xx.s
      At line 416 in file startup_stm32f446xx.s

UsageFault_Handler 00000044

Symbol: UsageFault_Handler
   Definitions
      At line 323 in file startup_stm32f446xx.s



ARM Macro Assembler    Page 16 Alphabetic symbol ordering
Relocatable symbols

   Uses
      At line 139 in file startup_stm32f446xx.s
      At line 324 in file startup_stm32f446xx.s

WWDG_IRQHandler 0000004E

Symbol: WWDG_IRQHandler
   Definitions
      At line 436 in file startup_stm32f446xx.s
   Uses
      At line 151 in file startup_stm32f446xx.s
      At line 347 in file startup_stm32f446xx.s

__user_initial_stackheap 00000050

Symbol: __user_initial_stackheap
   Definitions
      At line 542 in file startup_stm32f446xx.s
   Uses
      At line 540 in file startup_stm32f446xx.s
Comment: __user_initial_stackheap used once
101 symbols



ARM Macro Assembler    Page 1 Alphabetic symbol ordering
Absolute symbols

Heap_Size 00000200

Symbol: Heap_Size
   Definitions
      At line 116 in file startup_stm32f446xx.s
   Uses
      At line 120 in file startup_stm32f446xx.s
      At line 546 in file startup_stm32f446xx.s

Stack_Size 00000400

Symbol: Stack_Size
   Definitions
      At line 105 in file startup_stm32f446xx.s
   Uses
      At line 108 in file startup_stm32f446xx.s
      At line 545 in file startup_stm32f446xx.s

__Vectors_Size 000001C4

Symbol: __Vectors_Size
   Definitions
      At line 250 in file startup_stm32f446xx.s
   Uses
      At line 131 in file startup_stm32f446xx.s
Comment: __Vectors_Size used once
3 symbols



ARM Macro Assembler    Page 1 Alphabetic symbol ordering
External symbols

Image$$ER_IROM1$$RO$$Base 00000000

Symbol: Image$$ER_IROM1$$RO$$Base
   Definitions
      At line 74 in file startup_stm32f446xx.s
   Uses
      None
Comment: Image$$ER_IROM1$$RO$$Base unused
Image$$ER_IROM1$$RO$$Length 00000000

Symbol: Image$$ER_IROM1$$RO$$Length
   Definitions
      At line 76 in file startup_stm32f446xx.s
   Uses
      None
Comment: Image$$ER_IROM1$$RO$$Length unused
Image$$ER_IROM1$$RO$$Limit 00000000

Symbol: Image$$ER_IROM1$$RO$$Limit
   Definitions
      At line 75 in file startup_stm32f446xx.s
   Uses
      At line 266 in file startup_stm32f446xx.s
Comment: Image$$ER_IROM1$$RO$$Limit used once
Image$$ER_IROM1$$RW$$Base 00000000

Symbol: Image$$ER_IROM1$$RW$$Base
   Definitions
      At line 78 in file startup_stm32f446xx.s
   Uses
      None
Comment: Image$$ER_IROM1$$RW$$Base unused
Image$$ER_IROM1$$RW$$Length 00000000

Symbol: Image$$ER_IROM1$$RW$$Length
   Definitions
      At line 79 in file startup_stm32f446xx.s
   Uses
      None
Comment: Image$$ER_IROM1$$RW$$Length unused
Image$$ER_IROM1$$RW$$Limit 00000000

Symbol: Image$$ER_IROM1$$RW$$Limit
   Definitions
      At line 80 in file startup_stm32f446xx.s
   Uses
      None
Comment: Image$$ER_IROM1$$RW$$Limit unused
Image$$ER_IROM1$$ZI$$Base 00000000

Symbol: Image$$ER_IROM1$$ZI$$Base
   Definitions
      At line 82 in file startup_stm32f446xx.s
   Uses
      None
Comment: Image$$ER_IROM1$$ZI$$Base unused
Image$$ER_IROM1$$ZI$$Length 00000000

Symbol: Image$$ER_IROM1$$ZI$$Length



ARM Macro Assembler    Page 2 Alphabetic symbol ordering
External symbols

   Definitions
      At line 83 in file startup_stm32f446xx.s
   Uses
      None
Comment: Image$$ER_IROM1$$ZI$$Length unused
Image$$ER_IROM1$$ZI$$Limit 00000000

Symbol: Image$$ER_IROM1$$ZI$$Limit
   Definitions
      At line 84 in file startup_stm32f446xx.s
   Uses
      None
Comment: Image$$ER_IROM1$$ZI$$Limit unused
Image$$RW_IRAM1$$Base 00000000

Symbol: Image$$RW_IRAM1$$Base
   Definitions
      At line 88 in file startup_stm32f446xx.s
   Uses
      None
Comment: Image$$RW_IRAM1$$Base unused
Image$$RW_IRAM1$$Length 00000000

Symbol: Image$$RW_IRAM1$$Length
   Definitions
      At line 89 in file startup_stm32f446xx.s
   Uses
      None
Comment: Image$$RW_IRAM1$$Length unused
Image$$RW_IRAM1$$Limit 00000000

Symbol: Image$$RW_IRAM1$$Limit
   Definitions
      At line 90 in file startup_stm32f446xx.s
   Uses
      None
Comment: Image$$RW_IRAM1$$Limit unused
Image$$RW_IRAM1$$RO$$Base 00000000

Symbol: Image$$RW_IRAM1$$RO$$Base
   Definitions
      At line 92 in file startup_stm32f446xx.s
      At line 93 in file startup_stm32f446xx.s
   Uses
      None
Warning: Image$$RW_IRAM1$$RO$$Base multiply definedComment: Image$$RW_IRAM1$$RO
$$Base unused
Image$$RW_IRAM1$$RO$$Length 00000000

Symbol: Image$$RW_IRAM1$$RO$$Length
   Definitions
      At line 94 in file startup_stm32f446xx.s
   Uses
      None
Comment: Image$$RW_IRAM1$$RO$$Length unused
Image$$RW_IRAM1$$RW$$Base 00000000

Symbol: Image$$RW_IRAM1$$RW$$Base
   Definitions



ARM Macro Assembler    Page 3 Alphabetic symbol ordering
External symbols

      At line 96 in file startup_stm32f446xx.s
   Uses
      At line 267 in file startup_stm32f446xx.s
Comment: Image$$RW_IRAM1$$RW$$Base used once
Image$$RW_IRAM1$$RW$$Length 00000000

Symbol: Image$$RW_IRAM1$$RW$$Length
   Definitions
      At line 98 in file startup_stm32f446xx.s
   Uses
      None
Comment: Image$$RW_IRAM1$$RW$$Length unused
Image$$RW_IRAM1$$RW$$Limit 00000000

Symbol: Image$$RW_IRAM1$$RW$$Limit
   Definitions
      At line 97 in file startup_stm32f446xx.s
   Uses
      None
Comment: Image$$RW_IRAM1$$RW$$Limit unused
Image$$RW_IRAM1$$ZI$$Base 00000000

Symbol: Image$$RW_IRAM1$$ZI$$Base
   Definitions
      At line 100 in file startup_stm32f446xx.s
   Uses
      At line 268 in file startup_stm32f446xx.s
Comment: Image$$RW_IRAM1$$ZI$$Base used once
Image$$RW_IRAM1$$ZI$$Length 00000000

Symbol: Image$$RW_IRAM1$$ZI$$Length
   Definitions
      At line 102 in file startup_stm32f446xx.s
   Uses
      None
Comment: Image$$RW_IRAM1$$ZI$$Length unused
Image$$RW_IRAM1$$ZI$$Limit 00000000

Symbol: Image$$RW_IRAM1$$ZI$$Limit
   Definitions
      At line 101 in file startup_stm32f446xx.s
   Uses
      At line 275 in file startup_stm32f446xx.s
Comment: Image$$RW_IRAM1$$ZI$$Limit used once
Load$$ER_IROM1$$Base 00000000

Symbol: Load$$ER_IROM1$$Base
   Definitions
      At line 72 in file startup_stm32f446xx.s
   Uses
      None
Comment: Load$$ER_IROM1$$Base unused
Load$$RW_IRAM1$$Base 00000000

Symbol: Load$$RW_IRAM1$$Base
   Definitions
      At line 87 in file startup_stm32f446xx.s
   Uses
      None



ARM Macro Assembler    Page 4 Alphabetic symbol ordering
External symbols

Comment: Load$$RW_IRAM1$$Base unused
__main 00000000

Symbol: __main
   Definitions
      At line 258 in file startup_stm32f446xx.s
   Uses
      At line 297 in file startup_stm32f446xx.s
Comment: __main used once
23 symbols
476 symbols in table
